0 info it worked if it ends with ok
1 verbose cli [ 'C:\\Program Files\\nodejs\\node.exe',
1 verbose cli   'C:\\Program Files\\nodejs\\node_modules\\npm\\bin\\npm-cli.js',
1 verbose cli   'run-script',
1 verbose cli   'start' ]
2 info using npm@3.8.6
3 info using node@v5.11.0
4 verbose run-script [ 'prestart', 'start', 'poststart' ]
5 info lifecycle webpack-test@1.0.0~prestart: webpack-test@1.0.0
6 silly lifecycle webpack-test@1.0.0~prestart: no script for prestart, continuing
7 info lifecycle webpack-test@1.0.0~start: webpack-test@1.0.0
8 verbose lifecycle webpack-test@1.0.0~start: unsafe-perm in lifecycle true
9 verbose lifecycle webpack-test@1.0.0~start: PATH: C:\Users\Z800\AppData\Roaming\nvm\v5.11.0\node_modules\npm\bin\node-gyp-bin;T:\webpack-test\node_modules\.bin;C:\Program Files\nodejs;C:\Program Files (x86)\Embarcadero\Studio\18.0\bin;C:\Users\Public\Documents\Embarcadero\Studio\18.0\Bpl;C:\Program Files (x86)\Embarcadero\Studio\18.0\bin64;C:\Users\Public\Documents\Embarcadero\Studio\18.0\Bpl\Win64;C:\Program Files (x86)\Intel\iCLS Client\;C:\Program Files\Intel\iCLS Client\;C:\ProgramData\Oracle\Java\javapath;C:\Program Files\Common Files\Microsoft Shared\Microsoft Online Services;C:\Program Files (x86)\Common Files\Microsoft Shared\Microsoft Online Services;C:\Program Files (x86)\Embarcadero\RAD Studio\10.0\bin;C:\Users\Public\Documents\RAD Studio\10.0\Bpl;C:\Program Files (x86)\Embarcadero\RAD Studio\10.0\bin64;C:\Users\Public\Documents\RAD Studio\10.0\Bpl\Win64;C:\WINDOWS\system32;C:\WINDOWS;C:\WINDOWS\System32\Wbem;C:\WINDOWS\System32\WindowsPowerShell\v1.0\;C:\Program Files (x86)\Java\jre7\bin;C:\Program Files (x86)\Hewlett-Packard\HP Performance Advisor;C:\Ruby193\bin;C:\Program Files (x86)\Windows Kits\8.1\Windows Performance Toolkit\;C:\Program Files (x86)\Microsoft SDKs\TypeScript\1.0\;C:\Program Files (x86)\NVIDIA Corporation\PhysX\Common;C:\WINDOWS\system32;C:\WINDOWS;C:\WINDOWS\System32\Wbem;C:\WINDOWS\System32\WindowsPowerShell\v1.0\;C:\Program Files (x86)\QuickTime\QTSystem\;C:\Program Files\IDM Computer Solutions\UltraEdit;C:\Program Files (x86)\Intel\Intel(R) Management Engine Components\DAL;C:\Program Files\Intel\Intel(R) Management Engine Components\DAL;C:\Program Files (x86)\Intel\Intel(R) Management Engine Components\IPT;C:\Program Files\Intel\Intel(R) Management Engine Components\IPT;C:\Program Files (x86)\DigiCert Certificate Agent\bin;C:\Program Files (x86)\Windows Kits\10\Windows Performance Toolkit\;C:\Program Files\Git\cmd;%NVM_HOME%;%NVM_SYMLINK%;C:\Program Files\Mercurial;c:\python27;c:\python27\scripts;c:\bin;C:\Users\Z800\AppData\Roaming\npm;C:\Users\Z800\AppData\Local\atom\bin;C:\Users\Z800\AppData\Local\Microsoft\WindowsApps;C:\Users\Z800\AppData\Roaming\nvm;C:\Program Files\nodejs
10 verbose lifecycle webpack-test@1.0.0~start: CWD: T:\webpack-test
11 silly lifecycle webpack-test@1.0.0~start: Args: [ '/d /s /c', 'webpack-dev-server --content-base ./bin/' ]
12 silly lifecycle webpack-test@1.0.0~start: Returned: code: 1  signal: null
13 info lifecycle webpack-test@1.0.0~start: Failed to exec start script
14 verbose stack Error: webpack-test@1.0.0 start: `webpack-dev-server --content-base ./bin/`
14 verbose stack Exit status 1
14 verbose stack     at EventEmitter.<anonymous> (C:\Users\Z800\AppData\Roaming\nvm\v5.11.0\node_modules\npm\lib\utils\lifecycle.js:239:16)
14 verbose stack     at emitTwo (events.js:100:13)
14 verbose stack     at EventEmitter.emit (events.js:185:7)
14 verbose stack     at ChildProcess.<anonymous> (C:\Users\Z800\AppData\Roaming\nvm\v5.11.0\node_modules\npm\lib\utils\spawn.js:24:14)
14 verbose stack     at emitTwo (events.js:100:13)
14 verbose stack     at ChildProcess.emit (events.js:185:7)
14 verbose stack     at maybeClose (internal/child_process.js:850:16)
14 verbose stack     at Process.ChildProcess._handle.onexit (internal/child_process.js:215:5)
15 verbose pkgid webpack-test@1.0.0
16 verbose cwd T:\webpack-test
17 error Windows_NT 10.0.14393
18 error argv "C:\\Program Files\\nodejs\\node.exe" "C:\\Program Files\\nodejs\\node_modules\\npm\\bin\\npm-cli.js" "run-script" "start"
19 error node v5.11.0
20 error npm  v3.8.6
21 error code ELIFECYCLE
22 error webpack-test@1.0.0 start: `webpack-dev-server --content-base ./bin/`
22 error Exit status 1
23 error Failed at the webpack-test@1.0.0 start script 'webpack-dev-server --content-base ./bin/'.
23 error Make sure you have the latest version of node.js and npm installed.
23 error If you do, this is most likely a problem with the webpack-test package,
23 error not with npm itself.
23 error Tell the author that this fails on your system:
23 error     webpack-dev-server --content-base ./bin/
23 error You can get information on how to open an issue for this project with:
23 error     npm bugs webpack-test
23 error Or if that isn't available, you can get their info via:
23 error     npm owner ls webpack-test
23 error There is likely additional logging output above.
24 verbose exit [ 1, true ]
